
Run     SWR     Gain    F/B     F/R     R-a     X-a     Eff.    %Res.   %Stp  L30     

1-0     3.9174  0       0       0       95.834  91.158  99.84   0    	0    	15.4    
1       3.9715  0       0       0       96.336  92.533  99.84   -0.02	0.1  	15.415  
1-1                                                                           -1      

1-2     1.8744  0       0       0       58.577  -33.48  99.82   0.956	10   	13.86   
1-3     10.774  0       0       0       37.852  -129    99.8    -0.99	10   	12.474  
2       10.628  0       0       0       38.003  -128.2  99.8    1.e-2	0.1  	12.486  
2-1                                                                           1       

2-2     7.5704  0       0       0       41.816  -108.9  99.81   0.243	2.5  	12.786  
2-3     5.0416  0       0       0       45.97   -86.2   99.81   0.271	2.5  	13.105  
2-4     3.2947  0       0       0       51.054  -63.86  99.82   0.255	2.5  	13.433  
2-5     2.1073  0       0       0       56.879  -40.09  99.82   0.181	2.5  	13.769  
2-6     1.4237  0       0       0       63.589  -14.7   99.82   0.188	2.5  	14.113  
2-7     1.5061  0       0       0       70.786  13.035  99.83   -0.06	2.5  	14.466  
3       1.5271  0       0       0       71.122  14.168  99.83   -0.01	0.1  	14.48   
3-1                                                                           -1      

3-2     1.3963  0       0       0       68.721  5.9955  99.83   0.091	0.625	14.376  
3-3     1.3353  0       0       0       66.735  -0.914  99.82   0.071	0.625	14.286  
3-4     1.3396  0       0       0       64.822  -7.7    99.82   -0.05	0.625	14.196  
4       1.3342  0       0       0       65.122  -6.627  99.82   8.e-3	0.1  	14.211  
4-1                                                                           1       

4-2     1.332   0       0       0       65.292  -6.022  99.82   0.012	0.156	14.219  
4-3     1.3287  0       0       0       65.766  -4.336  99.82   0.012	0.156	14.241  
4-4     1.3298  0       0       0       66.244  -2.642  99.82   0.012	0.156	14.263  
4-5     1.3351  0       0       0       66.727  -0.941  99.82   0.012	0.156	14.285  
4-6     1.3447  0       0       0       67.215  0.7679  99.83   -3e-3	0.156	14.308  
5       1.3529  0       0       0       67.529  1.8654  99.83   -0.01	0.1  	14.322  
5-1                                                                           -1      

5-2     1.3419  0       0       0       67.092  0.3395  99.82   6.e-3	0.039	14.302  
5-3     1.3394  0       0       0       66.97   -0.089  99.82   4.e-3	0.039	14.297  
5-4     1.3371  0       0       0       66.848  -0.516  99.82   -3e-3	0.039	14.291  
6       1.3394  0       0       0       66.97   -0.089  99.82   3.e-3	0.039	14.297  
6-1                                                                           1       

6-2     1.3377  0       0       0       66.879  -0.409  99.82   8.e-4	1.e-2	14.292  
